INFO:sim:172 - Generating IP...
Applying current project options...
Finished applying current project options.
WARNING:sim - A core named 'CHAR_ROM' already exists in the project. Output
   products for this core may be overwritten.
Resolving generics for 'CHAR_ROM'...
WARNING:sim - A core named 'CHAR_ROM' already exists in the project. Output
   products for this core may be overwritten.
Applying external generics to 'CHAR_ROM'...
Delivering associated files for 'CHAR_ROM'...
Delivering EJava files for 'CHAR_ROM'...
Generating implementation netlist for 'CHAR_ROM'...
INFO:sim - Pre-processing HDL files for 'CHAR_ROM'...
Running synthesis for 'CHAR_ROM'
Running ngcbuild...
Writing VHO instantiation template for 'CHAR_ROM'...
Writing VHDL behavioral simulation model for 'CHAR_ROM'...
WARNING:sim - Overwriting existing file
   C:/Users/Zachary/Desktop/LEDgrid/ipcore_dir/tmp/_cg/CHAR_ROM/doc/blk_mem_gen_
   v7_3_vinfo.html with file from view xilinx_documentation
Delivered 1 file into directory
C:/Users/Zachary/Desktop/LEDgrid/ipcore_dir/tmp/_cg/CHAR_ROM
Generating ASY schematic symbol...
INFO:sim:949 - Finished generation of ASY schematic symbol.
Generating SYM schematic symbol for 'CHAR_ROM'...
Generating metadata file...
Regenerating ISE project file for 'CHAR_ROM'...
Generating ISE project...
XCO file found: CHAR_ROM.xco
XMDF file found: CHAR_ROM_xmdf.tcl
Adding C:/Users/Zachary/Desktop/LEDgrid/ipcore_dir/tmp/_cg/CHAR_ROM.asy -view
all -origin_type imported
Adding C:/Users/Zachary/Desktop/LEDgrid/ipcore_dir/tmp/_cg/CHAR_ROM.ngc -view
all -origin_type created
Checking file "C:/Users/Zachary/Desktop/LEDgrid/ipcore_dir/tmp/_cg/CHAR_ROM.ngc"
for project device match ...
File "C:/Users/Zachary/Desktop/LEDgrid/ipcore_dir/tmp/_cg/CHAR_ROM.ngc" device
information matches project device.
Adding C:/Users/Zachary/Desktop/LEDgrid/ipcore_dir/tmp/_cg/CHAR_ROM.sym -view
all -origin_type imported
Adding C:/Users/Zachary/Desktop/LEDgrid/ipcore_dir/tmp/_cg/CHAR_ROM.vhd -view
all -origin_type created
INFO:HDLCompiler:1061 - Parsing VHDL file
   "C:/Users/Zachary/Desktop/LEDgrid/ipcore_dir/tmp/_cg/CHAR_ROM.vhd" into
   library work
INFO:ProjectMgmt - Parsing design hierarchy completed successfully.
Adding C:/Users/Zachary/Desktop/LEDgrid/ipcore_dir/tmp/_cg/CHAR_ROM.vho -view
all -origin_type imported
INFO:TclTasksC:2116 - The automatic calculation of top has been turned-off.
   Please set the new top explicitly by running the "project set top" command.
   To re-calculate the new top automatically, set the "Auto Implementation Top"
   property to true.
Top level has been set to "/CHAR_ROM"
Generating README file...
Generating FLIST file...
INFO:sim:948 - Finished FLIST file generation.
Launching README viewer...
Moving files to output directory...
Finished moving files to output directory
Wrote CGP file for project 'CHAR_ROM'.
