#
# A fatal error has been detected by the Java Runtime Environment:
#
#  EXCEPTION_ACCESS_VIOLATION (0xc0000005) at pc=0x00007ff852591cd4, pid=1336, tid=1848
#
# JRE version: 7.0_07-b11
# Java VM: Java HotSpot(TM) 64-Bit Server VM (23.3-b01 mixed mode windows-amd64 compressed oops)
# Problematic frame:
# C  [msvcrt.dll+0x1cd4]  operator delete[]+0x0
#
# Failed to write core dump. Minidumps are not enabled by default on client versions of Windows
#
# If you would like to submit a bug report, please visit:
#   http://bugreport.sun.com/bugreport/crash.jsp
# The crash happened outside the Java Virtual Machine in native code.
# See problematic frame for where to report the bug.
#

---------------  T H R E A D  ---------------

Current thread (0x0000000029f16800):  JavaThread "Swing-Shell" daemon [_thread_in_native, id=1848, stack(0x00000000302b0000,0x00000000305b0000)]

siginfo: ExceptionCode=0xc0000005, writing address 0x0000000000000000

Registers:
RAX=0x0000000000000000, RBX=0x00000000287dba80, RCX=0x00000000296d2860, RDX=0x00007ff8474b1300
RSP=0x00000000305af088, RBP=0x0000000000000001, RSI=0x00000000296d2868, RDI=0x00000000ffffffff
R8 =0x000000000a92f048, R9 =0x0000000030b0f3e0, R10=0x00007ff8535a0000, R11=0x00000000305af000
R12=0x000000002ce27838, R13=0x0000000000000001, R14=0x00000000296d2860, R15=0x000000002ce27840
RIP=0x00007ff852591cd4, EFLAGS=0x0000000000010296

Top of Stack: (sp=0x00000000305af088)
0x00000000305af088:   00007ff8474bde1d 0000000001de0388
0x00000000305af098:   000000000a9172b1 0000000028760020
0x00000000305af0a8:   0000000000000008 00000000ffffffff
0x00000000305af0b8:   00007ff8474c0d1e 0000000000000000
0x00000000305af0c8:   00000000305af0f8 000000002ce27830
0x00000000305af0d8:   00000000287dba80 00000000287dba80
0x00000000305af0e8:   0000000000000000 fffffffffffffffe
0x00000000305af0f8:   0000000000000000 0000000019da3780
0x00000000305af108:   0000000000000001 00000000305af3d0
0x00000000305af118:   00000000287dbae0 00000000287dba50
0x00000000305af128:   000000002ce277f0 00000000305af348
0x00000000305af138:   00007ff8474bfc75 0000000019dda600
0x00000000305af148:   00000000287dba50 0000000000000000
0x00000000305af158:   0000000000000000 00000000287fa6a0
0x00000000305af168:   00007ff847525fab 000000002876c800
0x00000000305af178:   0000000000000000 0000000000000000 

Instructions: (pc=0x00007ff852591cd4)
0x00007ff852591cb4:   33 d2 ff 15 fc b5 09 00 85 c0 75 d0 e9 4c d5 03
0x00007ff852591cc4:   00 cc 90 90 90 90 90 90 48 b8 60 81 91 0a 00 00
0x00007ff852591cd4:   00 00 ff e0 91 0a 00 00 00 00 ff e0 48 b8 60 73
0x00007ff852591ce4:   91 0a 00 00 00 00 ff e0 83 ec 20 48 83 3d c9 d3 


Register to memory mapping:

RAX=0x0000000000000000 is an unknown value
RBX=0x00000000287dba80 is an unknown value
RCX=0x00000000296d2860 is an unknown value
RDX=0x00007ff8474b1300 is an unknown value
RSP=0x00000000305af088 is pointing into the stack for thread: 0x0000000029f16800
RBP=0x0000000000000001 is an unknown value
RSI=0x00000000296d2868 is an unknown value
RDI=0x00000000ffffffff is an unknown value
R8 =0x000000000a92f048 is an unknown value
R9 =0x0000000030b0f3e0 is an unknown value
R10=0x00007ff8535a0000 is an unknown value
R11=0x00000000305af000 is pointing into the stack for thread: 0x0000000029f16800
R12=0x000000002ce27838 is an unknown value
R13=0x0000000000000001 is an unknown value
R14=0x00000000296d2860 is an unknown value
R15=0x000000002ce27840 is an unknown value


Stack: [0x00000000302b0000,0x00000000305b0000],  sp=0x00000000305af088,  free space=3068k
Native frames: (J=compiled Java code, j=interpreted, Vv=VM code, C=native code)
C  [msvcrt.dll+0x1cd4]  operator delete[]+0x0

Java frames: (J=compiled Java code, j=interpreted, Vv=VM code)
j  sun.awt.shell.Win32ShellFolder2.getNextChild(J)J+0
j  sun.awt.shell.Win32ShellFolder2.access$1100(Lsun/awt/shell/Win32ShellFolder2;J)J+2
j  sun.awt.shell.Win32ShellFolder2$9.call()[Ljava/io/File;+94
j  sun.awt.shell.Win32ShellFolder2$9.call()Ljava/lang/Object;+1
j  java.util.concurrent.FutureTask$Sync.innerRun()V+29
j  java.util.concurrent.FutureTask.run()V+4
j  java.util.concurrent.ThreadPoolExecutor.runWorker(Ljava/util/concurrent/ThreadPoolExecutor$Worker;)V+46
j  java.util.concurrent.ThreadPoolExecutor$Worker.run()V+5
j  sun.awt.shell.Win32ShellFolderManager2$ComInvoker$3.run()V+7
j  java.lang.Thread.run()V+11
v  ~StubRoutines::call_stub

---------------  P R O C E S S  ---------------

Java Threads: ( => current thread )
=>0x0000000029f16800 JavaThread "Swing-Shell" daemon [_thread_in_native, id=1848, stack(0x00000000302b0000,0x00000000305b0000)]
  0x000000002af84800 JavaThread "HFileChooser Load File/Folder Choosers Thread" [_thread_blocked, id=3352, stack(0x000000002ffb0000,0x00000000302b0000)]
  0x0000000029869000 JavaThread "Monitor File Timestamp" [_thread_blocked, id=948, stack(0x000000002fbb0000,0x000000002feb0000)]
  0x00000000295e3000 JavaThread "Image Fetcher 3" daemon [_thread_blocked, id=3108, stack(0x000000002b5b0000,0x000000002b8b0000)]
  0x00000000295e4000 JavaThread "Image Fetcher 2" daemon [_thread_blocked, id=344, stack(0x000000002b2b0000,0x000000002b5b0000)]
  0x000000002aa39800 JavaThread "Image Fetcher 1" daemon [_thread_blocked, id=2456, stack(0x0000000029290000,0x0000000029590000)]
  0x0000000029e25000 JavaThread "Image Fetcher 0" daemon [_thread_blocked, id=2172, stack(0x00000000298a0000,0x0000000029ba0000)]
  0x0000000019cec000 JavaThread "AWT-EventQueue-1" [_thread_in_native, id=2760, stack(0x000000002a6a0000,0x000000002a9a0000)]
  0x0000000019ce8000 JavaThread "Process Messages" [_thread_blocked, id=2848, stack(0x000000002a3a0000,0x000000002a6a0000)]
  0x0000000019ced800 JavaThread "Thread-3" [_thread_blocked, id=160, stack(0x0000000003b60000,0x0000000004f60000)]
  0x0000000029eaf800 JavaThread "AWT-EventQueue-0" [_thread_blocked, id=3164, stack(0x000000002a0a0000,0x000000002a3a0000)]
  0x0000000027680800 JavaThread "AWT-Windows" daemon [_thread_in_native, id=2932, stack(0x0000000028e00000,0x0000000029100000)]
  0x0000000027077000 JavaThread "AWT-Shutdown" [_thread_blocked, id=3624, stack(0x0000000028b00000,0x0000000028e00000)]
  0x0000000027071800 JavaThread "Java2D Disposer" daemon [_thread_blocked, id=1092, stack(0x0000000028800000,0x0000000028b00000)]
  0x0000000027667000 JavaThread "TimerQueue" daemon [_thread_blocked, id=1820, stack(0x0000000028400000,0x0000000028700000)]
  0x0000000019e21800 JavaThread "Service Thread" daemon [_thread_blocked, id=2492, stack(0x0000000026a90000,0x0000000026d90000)]
  0x0000000025771000 JavaThread "C1 CompilerThread1" daemon [_thread_blocked, id=3628, stack(0x0000000026990000,0x0000000026a90000)]
  0x00000000258e1000 JavaThread "C2 CompilerThread0" daemon [_thread_in_native, id=2652, stack(0x0000000026890000,0x0000000026990000)]
  0x00000000258e2800 JavaThread "Attach Listener" daemon [_thread_blocked, id=2832, stack(0x0000000026590000,0x0000000026890000)]
  0x00000000258e4800 JavaThread "Signal Dispatcher" daemon [_thread_blocked, id=2136, stack(0x0000000026290000,0x0000000026590000)]
  0x00000000258e6000 JavaThread "Surrogate Locker Thread (Concurrent GC)" daemon [_thread_blocked, id=2500, stack(0x0000000025f90000,0x0000000026290000)]
  0x00000000256e7800 JavaThread "Finalizer" daemon [_thread_blocked, id=2864, stack(0x0000000025c90000,0x0000000025f90000)]
  0x0000000025764800 JavaThread "Reference Handler" daemon [_thread_blocked, id=3824, stack(0x0000000025990000,0x0000000025c90000)]
  0x0000000019d2b000 JavaThread "main" [_thread_blocked, id=2464, stack(0x0000000019eb0000,0x0000000019fb0000)]

Other Threads:
  0x0000000025693000 VMThread [stack: 0x0000000025790000,0x0000000025890000] [id=3408]
  0x0000000025907800 WatcherThread [stack: 0x0000000026d90000,0x0000000026e90000] [id=3968]

VM state:not at safepoint (normal execution)

VM Mutex/Monitor currently owned by a thread: None

Heap
 par new generation   total 55296K, used 27311K [0x0000000778000000, 0x000000077bc00000, 0x000000077bc00000)
  eden space 49152K,  43% used [0x0000000778000000, 0x00000007794abd58, 0x000000077b000000)
  from space 6144K, 100% used [0x000000077b000000, 0x000000077b600000, 0x000000077b600000)
  to   space 6144K,   0% used [0x000000077b600000, 0x000000077b600000, 0x000000077bc00000)
 concurrent mark-sweep generation total 69632K, used 10864K [0x000000077bc00000, 0x0000000780000000, 0x00000007f8000000)
 concurrent-mark-sweep perm gen total 131072K, used 28452K [0x00000007f8000000, 0x0000000800000000, 0x0000000800000000)

Card table byte_map: [0x0000000020350000,0x00000000207a0000] byte_map_base: 0x000000001c790000

Polling page: 0x0000000019fb0000

Code Cache  [0x0000000019fd0000, 0x000000001a630000, 0x000000001ffd0000)
 total_blobs=2482 nmethods=1876 adapters=521 free_code_cache=91842Kb largest_free_block=94007936

Compilation events (10 events):
Event: 12.555 Thread 0x0000000025771000 2130       2       javax.swing.JComponent::registerNextFocusableComponent (57 bytes)
Event: 12.556 Thread 0x0000000025771000 nmethod 2130 0x000000001a621fd0 code [0x000000001a6221a0, 0x000000001a622678]
Event: 12.556 Thread 0x0000000025771000 2131       2       java.lang.StringBuilder::append (8 bytes)
Event: 12.556 Thread 0x0000000025771000 nmethod 2131 0x000000001a61c410 code [0x000000001a61c580, 0x000000001a61c728]
Event: 12.558 Thread 0x0000000025771000 2132       2       javax.swing.plaf.BorderUIResource::getBorderInsets (11 bytes)
Event: 12.558 Thread 0x0000000025771000 nmethod 2132 0x000000001a622890 code [0x000000001a622a00, 0x000000001a622ba8]
Event: 12.561 Thread 0x0000000025771000 2133   !   2       sun.font.TrueTypeFont::readBlock (493 bytes)
Event: 12.565 Thread 0x0000000025771000 nmethod 2133 0x000000001a622c50 code [0x000000001a623080, 0x000000001a624ca8]
Event: 12.565 Thread 0x0000000025771000 2134       2       java.nio.DirectByteBuffer::isReadOnly (2 bytes)
Event: 12.565 Thread 0x0000000025771000 nmethod 2134 0x000000001a626850 code [0x000000001a6269a0, 0x000000001a626b30]

GC Heap History (4 events):
Event: 6.113 GC heap before
{Heap before GC invocations=0 (full 0):
 par new generation   total 55296K, used 49152K [0x0000000778000000, 0x000000077bc00000, 0x000000077bc00000)
  eden space 49152K, 100% used [0x0000000778000000, 0x000000077b000000, 0x000000077b000000)
  from space 6144K,   0% used [0x000000077b000000, 0x000000077b000000, 0x000000077b600000)
  to   space 6144K,   0% used [0x000000077b600000, 0x000000077b600000, 0x000000077bc00000)
 concurrent mark-sweep generation total 69632K, used 0K [0x000000077bc00000, 0x0000000780000000, 0x00000007f8000000)
 concurrent-mark-sweep perm gen total 131072K, used 13104K [0x00000007f8000000, 0x0000000800000000, 0x0000000800000000)
Event: 6.151 GC heap after
Heap after GC invocations=1 (full 0):
 par new generation   total 55296K, used 6143K [0x0000000778000000, 0x000000077bc00000, 0x000000077bc00000)
  eden space 49152K,   0% used [0x0000000778000000, 0x0000000778000000, 0x000000077b000000)
  from space 6144K,  99% used [0x000000077b600000, 0x000000077bbffff8, 0x000000077bc00000)
  to   space 6144K,   0% used [0x000000077b000000, 0x000000077b000000, 0x000000077b600000)
 concurrent mark-sweep generation total 69632K, used 732K [0x000000077bc00000, 0x0000000780000000, 0x00000007f8000000)
 concurrent-mark-sweep perm gen total 131072K, used 13104K [0x00000007f8000000, 0x0000000800000000, 0x0000000800000000)
}
Event: 10.576 GC heap before
{Heap before GC invocations=1 (full 0):
 par new generation   total 55296K, used 55295K [0x0000000778000000, 0x000000077bc00000, 0x000000077bc00000)
  eden space 49152K, 100% used [0x0000000778000000, 0x000000077b000000, 0x000000077b000000)
  from space 6144K,  99% used [0x000000077b600000, 0x000000077bbffff8, 0x000000077bc00000)
  to   space 6144K,   0% used [0x000000077b000000, 0x000000077b000000, 0x000000077b600000)
 concurrent mark-sweep generation total 69632K, used 732K [0x000000077bc00000, 0x0000000780000000, 0x00000007f8000000)
 concurrent-mark-sweep perm gen total 131072K, used 22915K [0x00000007f8000000, 0x0000000800000000, 0x0000000800000000)
Event: 10.679 GC heap after
Heap after GC invocations=2 (full 0):
 par new generation   total 55296K, used 6144K [0x0000000778000000, 0x000000077bc00000, 0x000000077bc00000)
  eden space 49152K,   0% used [0x0000000778000000, 0x0000000778000000, 0x000000077b000000)
  from space 6144K, 100% used [0x000000077b000000, 0x000000077b600000, 0x000000077b600000)
  to   space 6144K,   0% used [0x000000077b600000, 0x000000077b600000, 0x000000077bc00000)
 concurrent mark-sweep generation total 69632K, used 10864K [0x000000077bc00000, 0x0000000780000000, 0x00000007f8000000)
 concurrent-mark-sweep perm gen total 131072K, used 22915K [0x00000007f8000000, 0x0000000800000000, 0x0000000800000000)
}

Deoptimization events (10 events):
Event: 11.351 Thread 0x000000002af84800 Uncommon trap -58 fr.pc 0x000000001a40acd0
Event: 11.490 Thread 0x0000000019cec000 Uncommon trap -34 fr.pc 0x000000001a273d68
Event: 11.490 Thread 0x0000000019cec000 Uncommon trap -34 fr.pc 0x000000001a273d68
Event: 11.490 Thread 0x0000000019cec000 Uncommon trap -34 fr.pc 0x000000001a273d68
Event: 11.490 Thread 0x0000000019cec000 Uncommon trap -34 fr.pc 0x000000001a273d68
Event: 11.511 Thread 0x000000002af84800 Uncommon trap 668 fr.pc 0x000000001a3b072c
Event: 11.795 Thread 0x000000002af84800 Uncommon trap -34 fr.pc 0x000000001a1e43c0
Event: 11.863 Thread 0x000000002af84800 Uncommon trap -34 fr.pc 0x000000001a1e43c0
Event: 11.947 Thread 0x000000002af84800 Uncommon trap -34 fr.pc 0x000000001a1e43c0
Event: 12.149 Thread 0x0000000019cec000 Uncommon trap -83 fr.pc 0x000000001a0f3448

Internal exceptions (10 events):
Event: 12.179 Thread 0x0000000019cec000 Threw 0x000000077909af50 at C:\jdk7u1_64p\jdk7u7\hotspot\src\share\vm\prims\jvm.cpp:1166
Event: 12.478 Thread 0x0000000019cec000 Threw 0x0000000779418520 at C:\jdk7u1_64p\jdk7u7\hotspot\src\share\vm\prims\jvm.cpp:1166
Event: 12.484 Thread 0x0000000019cec000 Threw 0x0000000779433b80 at C:\jdk7u1_64p\jdk7u7\hotspot\src\share\vm\prims\jvm.cpp:1166
Event: 12.484 Thread 0x0000000019cec000 Threw 0x0000000779435b18 at C:\jdk7u1_64p\jdk7u7\hotspot\src\share\vm\prims\jvm.cpp:1166
Event: 12.486 Thread 0x0000000019cec000 Threw 0x000000077943add8 at C:\jdk7u1_64p\jdk7u7\hotspot\src\share\vm\prims\jvm.cpp:1166
Event: 12.486 Thread 0x0000000019cec000 Threw 0x000000077943d5e0 at C:\jdk7u1_64p\jdk7u7\hotspot\src\share\vm\prims\jvm.cpp:1166
Event: 12.486 Thread 0x0000000019cec000 Threw 0x0000000779441c58 at C:\jdk7u1_64p\jdk7u7\hotspot\src\share\vm\prims\jvm.cpp:1166
Event: 12.546 Thread 0x0000000019cec000 Threw 0x0000000779454ce0 at C:\jdk7u1_64p\jdk7u7\hotspot\src\share\vm\prims\jvm.cpp:1166
Event: 12.548 Thread 0x0000000019cec000 Threw 0x000000077945a0d8 at C:\jdk7u1_64p\jdk7u7\hotspot\src\share\vm\prims\jvm.cpp:1166
Event: 12.548 Thread 0x0000000019cec000 Threw 0x000000077945cff0 at C:\jdk7u1_64p\jdk7u7\hotspot\src\share\vm\prims\jvm.cpp:1166

Events (10 events):
Event: 12.490 Executing VM operation: RevokeBias
Event: 12.490 Executing VM operation: RevokeBias done
Event: 12.491 Executing VM operation: RevokeBias
Event: 12.491 Executing VM operation: RevokeBias done
Event: 12.546 loading class 0x000000002bb97220
Event: 12.546 loading class 0x000000002bb97220 done
Event: 12.547 loading class 0x000000002bb99080
Event: 12.547 loading class 0x000000002bb99080 done
Event: 12.548 loading class 0x000000002bb9aa00
Event: 12.548 loading class 0x000000002bb9aa00 done


Dynamic libraries:
0x0000000140000000 - 0x000000014000e000 	C:\Xilinx\14.4\ISE_DS\PlanAhead\bin\unwrapped\win64.o\planAhead.exe
0x00007ff8535a0000 - 0x00007ff853749000 	C:\WINDOWS\SYSTEM32\ntdll.dll
0x00007ff850020000 - 0x00007ff850159000 	C:\WINDOWS\system32\KERNEL32.DLL
0x00007ff84fbd0000 - 0x00007ff84fcdf000 	C:\WINDOWS\system32\KERNELBASE.dll
0x000000000a900000 - 0x000000000a945000 	C:\Xilinx\14.4\ISE_DS\PlanAhead\lib\win64.o\SHSMP64.dll
0x0000000180000000 - 0x0000000180013000 	C:\Xilinx\14.4\ISE_DS\PlanAhead\lib\win64.o\libboost_signals.dll
0x0000000000450000 - 0x0000000000cd1000 	C:\Xilinx\14.4\ISE_DS\PlanAhead\lib\win64.o\librdi_common.dll
0x00000000001f0000 - 0x0000000000206000 	C:\Xilinx\14.4\ISE_DS\PlanAhead\lib\win64.o\librdi_commonmain.dll
0x0000000000210000 - 0x00000000002fe000 	C:\Xilinx\14.4\ISE_DS\PlanAhead\lib\win64.o\stlport.5.2.dll
0x000000006d840000 - 0x000000006d8e3000 	C:\WINDOWS\WinSxS\amd64_microsoft.vc90.crt_1fc8b3b9a1e18e3b_9.0.30729.8387_none_08e793bfa83a89b5\MSVCR90.dll
0x00007ff850da0000 - 0x00007ff850f11000 	C:\WINDOWS\system32\USER32.dll
0x00007ff850cf0000 - 0x00007ff850d95000 	C:\WINDOWS\system32\ADVAPI32.dll
0x00007ff8498c0000 - 0x00007ff8498ca000 	C:\WINDOWS\SYSTEM32\VERSION.dll
0x0000000000ce0000 - 0x0000000000fc9000 	C:\Xilinx\14.4\ISE_DS\PlanAhead\lib\win64.o\libCOIN-all.dll
0x0000000000fd0000 - 0x0000000001185000 	C:\Xilinx\14.4\ISE_DS\PlanAhead\lib\win64.o\libSecurity.dll
0x0000000000320000 - 0x000000000032f000 	C:\Xilinx\14.4\ISE_DS\PlanAhead\lib\win64.o\libboost_date_time.dll
0x0000000001190000 - 0x00000000011b7000 	C:\Xilinx\14.4\ISE_DS\PlanAhead\lib\win64.o\libboost_filesystem.dll
0x00000000011c0000 - 0x0000000001231000 	C:\Xilinx\14.4\ISE_DS\PlanAhead\lib\win64.o\libboost_program_options.dll
0x0000000001240000 - 0x00000000012ef000 	C:\Xilinx\14.4\ISE_DS\PlanAhead\lib\win64.o\libboost_regex.dll
0x0000000000330000 - 0x0000000000339000 	C:\Xilinx\14.4\ISE_DS\PlanAhead\lib\win64.o\libboost_system.dll
0x00000000012f0000 - 0x0000000001306000 	C:\Xilinx\14.4\ISE_DS\PlanAhead\lib\win64.o\libboost_thread.dll
0x0000000001310000 - 0x0000000001353000 	C:\Xilinx\14.4\ISE_DS\PlanAhead\lib\win64.o\libcurl.dll
0x0000000001360000 - 0x00000000013e3000 	C:\Xilinx\14.4\ISE_DS\PlanAhead\lib\win64.o\libhdlpsolve.dll
0x00000000013f0000 - 0x00000000014a7000 	C:\Xilinx\14.4\ISE_DS\PlanAhead\lib\win64.o\libhdxml.dll
0x00000000014b0000 - 0x00000000019f30d3 	C:\Xilinx\14.4\ISE_DS\PlanAhead\lib\win64.o\libisl_iostreams.dll
0x0000000001a00000 - 0x0000000001a29000 	C:\Xilinx\14.4\ISE_DS\PlanAhead\lib\win64.o\libisl_sysinfo.dll
0x000000006d040000 - 0x000000006d75f000 	C:\Xilinx\14.4\ISE_DS\PlanAhead\tps\win64\jre\bin\server\jvm.dll
0x0000000001a30000 - 0x0000000001a42000 	C:\Xilinx\14.4\ISE_DS\PlanAhead\lib\win64.o\pthreadVC.dll
0x0000000001a50000 - 0x0000000001a66000 	C:\Xilinx\14.4\ISE_DS\PlanAhead\lib\win64.o\librdiconfig.dll
0x0000000001a70000 - 0x0000000001a8e000 	C:\Xilinx\14.4\ISE_DS\PlanAhead\lib\win64.o\librdizlib.dll
0x0000000010000000 - 0x000000001012a000 	C:\Xilinx\14.4\ISE_DS\PlanAhead\lib\win64.o\tcl85t.dll
0x0000000012000000 - 0x0000000012282000 	C:\Xilinx\14.4\ISE_DS\PlanAhead\lib\win64.o\xerces-c_3_1.dll
0x00007ff850310000 - 0x00007ff850317000 	C:\WINDOWS\system32\PSAPI.DLL
0x00007ff849cd0000 - 0x00007ff849f10000 	C:\WINDOWS\SYSTEM32\WININET.dll
0x00007ff8497f0000 - 0x00007ff8498b5000 	C:\WINDOWS\SYSTEM32\WINHTTP.dll
0x00007ff84a1c0000 - 0x00007ff84a31f000 	C:\WINDOWS\SYSTEM32\urlmon.dll
0x00007ff8499a0000 - 0x00007ff8499a9000 	C:\WINDOWS\SYSTEM32\WSOCK32.dll
0x000000006d760000 - 0x000000006d833000 	C:\WINDOWS\WinSxS\amd64_microsoft.vc90.crt_1fc8b3b9a1e18e3b_9.0.30729.8387_none_08e793bfa83a89b5\MSVCP90.dll
0x00007ff851080000 - 0x00007ff85248f000 	C:\WINDOWS\system32\SHELL32.dll
0x00007ff8501c0000 - 0x00007ff850305000 	C:\WINDOWS\system32\GDI32.dll
0x00007ff852590000 - 0x00007ff852637000 	C:\WINDOWS\system32\msvcrt.dll
0x00007ff852530000 - 0x00007ff852587000 	C:\WINDOWS\SYSTEM32\sechost.dll
0x00007ff852640000 - 0x00007ff852776000 	C:\WINDOWS\system32\RPCRT4.dll
0x00007ff84ba50000 - 0x00007ff84ba65000 	C:\WINDOWS\SYSTEM32\NETAPI32.dll
0x00007ff852490000 - 0x00007ff85252a000 	C:\WINDOWS\system32\COMDLG32.dll
0x00007ff84fd30000 - 0x00007ff84fdd1000 	C:\WINDOWS\WinSxS\amd64_microsoft.windows.common-controls_6595b64144ccf1df_5.82.9600.16384_none_34a8918f959016ea\COMCTL32.dll
0x0000000001b20000 - 0x0000000001b2c000 	C:\Xilinx\14.4\ISE_DS\PlanAhead\lib\win64.o\libboost_chrono.dll
0x00007ff850f60000 - 0x00007ff850fb8000 	C:\WINDOWS\system32\WS2_32.dll
0x00007ff850160000 - 0x00007ff8501ba000 	C:\WINDOWS\system32\WLDAP32.dll
0x0000000001b60000 - 0x0000000001b79000 	C:\Xilinx\14.4\ISE_DS\PlanAhead\lib\win64.o\libboost_iostreams.dll
0x00007ff8438d0000 - 0x00007ff8438ef000 	C:\WINDOWS\SYSTEM32\WINMM.dll
0x000000006cf60000 - 0x000000006d032000 	C:\WINDOWS\SYSTEM32\MSVCR100.dll
0x00007ff849f10000 - 0x00007ff84a1b9000 	C:\WINDOWS\SYSTEM32\iertutil.dll
0x00007ff850820000 - 0x00007ff8509f7000 	C:\WINDOWS\SYSTEM32\combase.dll
0x00007ff8506a0000 - 0x00007ff850816000 	C:\WINDOWS\system32\ole32.dll
0x00007ff850b50000 - 0x00007ff850ba1000 	C:\WINDOWS\system32\SHLWAPI.dll
0x00007ff84edb0000 - 0x00007ff84edbc000 	C:\WINDOWS\SYSTEM32\netutils.dll
0x00007ff84f950000 - 0x00007ff84f975000 	C:\WINDOWS\SYSTEM32\srvcli.dll
0x00007ff84ba10000 - 0x00007ff84ba26000 	C:\WINDOWS\SYSTEM32\wkscli.dll
0x00007ff850b40000 - 0x00007ff850b49000 	C:\WINDOWS\system32\NSI.dll
0x00007ff8438a0000 - 0x00007ff8438ca000 	C:\WINDOWS\SYSTEM32\WINMMBASE.dll
0x00007ff84fce0000 - 0x00007ff84fd2a000 	C:\WINDOWS\SYSTEM32\cfgmgr32.dll
0x00007ff84e990000 - 0x00007ff84e9b6000 	C:\WINDOWS\SYSTEM32\DEVOBJ.dll
0x00007ff84e150000 - 0x00007ff84e1f1000 	C:\WINDOWS\SYSTEM32\SHCORE.DLL
0x00007ff850f20000 - 0x00007ff850f54000 	C:\WINDOWS\system32\IMM32.DLL
0x00007ff850a00000 - 0x00007ff850b38000 	C:\WINDOWS\system32\MSCTF.dll
0x0000000004f60000 - 0x0000000005253000 	C:\Xilinx\14.4\ISE_DS\PlanAhead\lib\win64.o\librdi_commontasks.dll
0x0000000005a60000 - 0x000000000609c000 	C:\Xilinx\14.4\ISE_DS\PlanAhead\lib\win64.o\librdi_coretasks.dll
0x00000000060a0000 - 0x0000000006267000 	C:\Xilinx\14.4\ISE_DS\PlanAhead\lib\win64.o\librdi_chipscope.dll
0x0000000006270000 - 0x000000000728d000 	C:\Xilinx\14.4\ISE_DS\PlanAhead\lib\win64.o\librdi_constraints.dll
0x0000000007290000 - 0x000000000855c000 	C:\Xilinx\14.4\ISE_DS\PlanAhead\lib\win64.o\librdi_coregen.dll
0x000000000a950000 - 0x000000000df9f000 	C:\Xilinx\14.4\ISE_DS\PlanAhead\lib\win64.o\librdi_designutils.dll
0x0000000008560000 - 0x0000000009136000 	C:\Xilinx\14.4\ISE_DS\PlanAhead\lib\win64.o\librdi_device.dll
0x0000000009140000 - 0x0000000009454000 	C:\Xilinx\14.4\ISE_DS\PlanAhead\lib\win64.o\librdi_drc.dll
0x0000000009460000 - 0x00000000096ed000 	C:\Xilinx\14.4\ISE_DS\PlanAhead\lib\win64.o\librdi_filemgmt.dll
0x00000000096f0000 - 0x0000000009ac6000 	C:\Xilinx\14.4\ISE_DS\PlanAhead\lib\win64.o\librdi_netlist.dll
0x000000000dfa0000 - 0x000000000f0c3000 	C:\Xilinx\14.4\ISE_DS\PlanAhead\lib\win64.o\librdi_place.dll
0x0000000009ad0000 - 0x0000000009ff2000 	C:\Xilinx\14.4\ISE_DS\PlanAhead\lib\win64.o\librdi_power.dll
0x000000000a000000 - 0x000000000a3b2000 	C:\Xilinx\14.4\ISE_DS\PlanAhead\lib\win64.o\librdi_project.dll
0x000000000f0d0000 - 0x000000000f66d000 	C:\Xilinx\14.4\ISE_DS\PlanAhead\lib\win64.o\librdi_rsb.dll
0x000000000a3c0000 - 0x000000000a7b8000 	C:\Xilinx\14.4\ISE_DS\PlanAhead\lib\win64.o\librdi_runs.dll
0x0000000010130000 - 0x0000000010c08000 	C:\Xilinx\14.4\ISE_DS\PlanAhead\lib\win64.o\librdi_timing.dll
0x0000000003520000 - 0x000000000358e000 	C:\Xilinx\14.4\ISE_DS\PlanAhead\lib\win64.o\liblmx6.0.dll
0x00000000035a0000 - 0x00000000035a8000 	C:\Xilinx\14.4\ISE_DS\PlanAhead\lib\win64.o\libpsta_dllwrapper.dll
0x000000000f670000 - 0x000000000fe3f000 	C:\Xilinx\14.4\ISE_DS\PlanAhead\lib\win64.o\librdi_coregenipxact.dll
0x0000000010c10000 - 0x00000000113b0000 	C:\Xilinx\14.4\ISE_DS\PlanAhead\lib\win64.o\libverific.dll
0x000000000a7c0000 - 0x000000000a83d000 	C:\Xilinx\14.4\ISE_DS\PlanAhead\lib\win64.o\libboost_serialization.dll
0x00000000113b0000 - 0x00000000118f4000 	C:\Xilinx\14.4\ISE_DS\PlanAhead\lib\win64.o\librdi_xdm.dll
0x000000000a870000 - 0x000000000a900000 	C:\Xilinx\14.4\ISE_DS\PlanAhead\lib\win64.o\libise.dll
0x0000000011900000 - 0x0000000011edc000 	C:\Xilinx\14.4\ISE_DS\PlanAhead\lib\win64.o\librdi_abc_nomp.dll
0x000000000fe40000 - 0x000000000ff68000 	C:\Xilinx\14.4\ISE_DS\PlanAhead\lib\win64.o\librdi_dlyest.dll
0x000000000ff70000 - 0x000000000ff8a000 	C:\Xilinx\14.4\ISE_DS\PlanAhead\lib\win64.o\librdi_hmetis.dll
0x000000006cf40000 - 0x000000006cf51000 	C:\WINDOWS\WinSxS\amd64_microsoft.vc90.openmp_1fc8b3b9a1e18e3b_9.0.30729.6161_none_390d35aa0a1f21f9\VCOMP90.DLL
0x0000000012290000 - 0x000000001287e000 	C:\Xilinx\14.4\ISE_DS\PlanAhead\lib\win64.o\librdi_route.dll
0x0000000012880000 - 0x0000000012aaa000 	C:\Xilinx\14.4\ISE_DS\PlanAhead\lib\win64.o\librdi_labtools.dll
0x0000000012ab0000 - 0x0000000012feb000 	C:\Xilinx\14.4\ISE_DS\PlanAhead\lib\win64.o\librdi_memdata.dll
0x0000000012ff0000 - 0x000000001471f000 	C:\Xilinx\14.4\ISE_DS\PlanAhead\lib\win64.o\librdi_synth.dll
0x0000000014720000 - 0x0000000014b5e000 	C:\Xilinx\14.4\ISE_DS\PlanAhead\lib\win64.o\librdi_ip.dll
0x0000000011f80000 - 0x0000000011fbd000 	C:\Xilinx\14.4\ISE_DS\PlanAhead\lib\win64.o\librdi_simbridge_kernel.dll
0x0000000014b60000 - 0x0000000014fd6000 	C:\Xilinx\14.4\ISE_DS\PlanAhead\lib\win64.o\librdi_wavedata.dll
0x00000000162f0000 - 0x00000000183a8000 	C:\Xilinx\14.4\ISE_DS\PlanAhead\lib\win64.o\librdi_tcltasks.dll
0x00000000183c0000 - 0x0000000018634000 	C:\Xilinx\14.4\ISE_DS\PlanAhead\lib\win64.o\librdi_bitstream.dll
0x0000000018640000 - 0x0000000018714000 	C:\Xilinx\14.4\ISE_DS\PlanAhead\lib\win64.o\librdi_dsp.dll
0x0000000018720000 - 0x000000001878e000 	C:\Xilinx\14.4\ISE_DS\PlanAhead\lib\win64.o\librdi_edk.dll
0x0000000018790000 - 0x000000001899e000 	C:\Xilinx\14.4\ISE_DS\PlanAhead\lib\win64.o\librdi_simdata.dll
0x0000000018ce0000 - 0x0000000018e36000 	C:\Xilinx\14.4\ISE_DS\PlanAhead\lib\win64.o\librdi_planaheadtasks.dll
0x0000000018e50000 - 0x0000000019c98000 	C:\Xilinx\14.4\ISE_DS\PlanAhead\lib\win64.o\librdi_ipservicestasks.dll
0x000000006cf30000 - 0x000000006cf3f000 	C:\Xilinx\14.4\ISE_DS\PlanAhead\tps\win64\jre\bin\verify.dll
0x000000006cf00000 - 0x000000006cf28000 	C:\Xilinx\14.4\ISE_DS\PlanAhead\tps\win64\jre\bin\java.dll
0x000000006cee0000 - 0x000000006cef5000 	C:\Xilinx\14.4\ISE_DS\PlanAhead\tps\win64\jre\bin\zip.dll
0x000000006cec0000 - 0x000000006ced9000 	C:\Xilinx\14.4\ISE_DS\PlanAhead\tps\win64\jre\bin\net.dll
0x00007ff84f430000 - 0x00007ff84f488000 	C:\WINDOWS\system32\mswsock.dll
0x000000006cea0000 - 0x000000006ceb1000 	C:\Xilinx\14.4\ISE_DS\PlanAhead\tps\win64\jre\bin\nio.dll
0x0000000027090000 - 0x0000000027376000 	C:\Xilinx\14.4\ISE_DS\PlanAhead\lib\win64.o\librdi_fed.dll
0x0000000027390000 - 0x00000000275f1000 	C:\Xilinx\14.4\ISE_DS\PlanAhead\lib\win64.o\librdi_guitools.dll
0x0000000027610000 - 0x0000000027617000 	C:\Xilinx\14.4\ISE_DS\PlanAhead\lib\win64.o\librdi_commonx11.dll
0x0000000027730000 - 0x0000000027b1e000 	C:\Xilinx\14.4\ISE_DS\PlanAhead\lib\win64.o\librdi_rsbtasks.dll
0x0000000027b30000 - 0x0000000027d79000 	C:\Xilinx\14.4\ISE_DS\PlanAhead\lib\win64.o\librdi_labtoolstasks.dll
0x0000000027d90000 - 0x0000000027f48000 	C:\Xilinx\14.4\ISE_DS\PlanAhead\lib\win64.o\librdi_simtcltasks.dll
0x000000006cd00000 - 0x000000006ce93000 	C:\Xilinx\14.4\ISE_DS\PlanAhead\tps\win64\jre\bin\awt.dll
0x00007ff850c30000 - 0x00007ff850ce7000 	C:\WINDOWS\system32\OLEAUT32.dll
0x00007ff84e740000 - 0x00007ff84e7cb000 	C:\WINDOWS\system32\apphelp.dll
0x00007ff84e860000 - 0x00007ff84e982000 	C:\WINDOWS\system32\uxtheme.dll
0x00007ff84df70000 - 0x00007ff84df91000 	C:\WINDOWS\system32\dwmapi.dll
0x00007ff84e730000 - 0x00007ff84e73a000 	C:\WINDOWS\SYSTEM32\kernel.appcore.dll
0x00007ff84fa40000 - 0x00007ff84fa4a000 	C:\WINDOWS\SYSTEM32\CRYPTBASE.dll
0x00007ff84f9e0000 - 0x00007ff84fa3e000 	C:\WINDOWS\SYSTEM32\bcryptPrimitives.dll
0x00007ff84f490000 - 0x00007ff84f4ae000 	C:\WINDOWS\SYSTEM32\CRYPTSP.dll

VM Arguments:
jvm_args: -Dsun.java2d.pmoffscreen=false -Xverify:none -Dswing.aatext=true -XX:-UsePerfData -Djdk.map.althashing.threshold=512 -XX:PermSize=128m -XX:MaxPermSize=128m -XX:NewSize=60m -XX:MaxNewSize=60m -XX:+UseConcMarkSweepGC -XX:+UseParNewGC -XX:+CMSParallelRemarkEnabled -XX:+CMSScavengeBeforeRemark -XX:+UseNUMA -XX:+AggressiveOpts -XX:+UseFastAccessorMethods -XX:+UseFastEmptyMethods -XX:+UseBiasedLocking -XX:+TieredCompilation -Xms128m -Xmx2048m -Xss3m 
java_command: <unknown>
Launcher Type: generic

Environment Variables:
CLASSPATH=.;C:\Program Files (x86)\QuickTime\QTSystem\QTJava.zip
PATH=C:/Xilinx/14.4/ISE_DS/PlanAhead/bin;C:/Xilinx/14.4/ISE_DS/PlanAhead/lib/win64.o;C:/Xilinx/14.4/ISE_DS/PlanAhead/tps/win64/jre/bin/server;C:/Xilinx/14.4/ISE_DS/PlanAhead/tps/win64/jre/bin;C:/Xilinx/14.4/ISE_DS/EDK/bin/nt64;C:/Xilinx/14.4/ISE_DS/EDK/lib/nt64;C:/Xilinx/14.4/ISE_DS/ISE/bin/nt64;C:/Xilinx/14.4/ISE_DS/ISE/lib/nt64;C:/Xilinx/14.4/ISE_DS/common/bin/nt64;C:/Xilinx/14.4/ISE_DS/common/lib/nt64;C:\Xilinx\14.4\ISE_DS\ISE\\lib\nt64;C:\Xilinx\14.4\ISE_DS\ISE\\bin\nt64;C:\Xilinx\Vivado\2012.4\bin;C:\Xilinx\14.4\ISE_DS\ISE\bin\nt64;C:\Xilinx\14.4\ISE_DS\ISE\lib\nt64;C:\Xilinx\14.4\ISE_DS\ISE\..\..\..\DocNav;C:\Xilinx\14.4\ISE_DS\PlanAhead\bin;C:\Xilinx\14.4\ISE_DS\EDK\bin\nt64;C:\Xilinx\14.4\ISE_DS\EDK\lib\nt64;C:\Xilinx\14.4\ISE_DS\EDK\gnu\microblaze\nt64\bin;C:\Xilinx\14.4\ISE_DS\EDK\gnu\powerpc-eabi\nt64\bin;C:\Xilinx\14.4\ISE_DS\EDK\gnuwin\bin;C:\Xilinx\14.4\ISE_DS\EDK\gnu\arm\nt\bin;C:\Xilinx\14.4\ISE_DS\EDK\gnu\microblaze\linux_toolchain\nt64_be\bin;C:\Xilinx\14.4\ISE_DS\EDK\gnu\microblaze\linux_toolchain\nt64_le\bin;C:\Xilinx\14.4\ISE_DS\common\bin\nt64;C:\Xilinx\14.4\ISE_DS\common\lib\nt64;C:\WINDOWS\system32;C:\WINDOWS;C:\WINDOWS\System32\Wbem;C:\WINDOWS\System32\WindowsPowerShell\v1.0\;C:\Program Files (x86)\MATLAB\R2010a Student\bin;C:\Program Files (x86)\Windows Live\Shared;C:\Program Files (x86)\QuickTime\QTSystem\
USERNAME=Zachary
OS=Windows_NT
PROCESSOR_IDENTIFIER=Intel64 Family 6 Model 23 Stepping 10, GenuineIntel



---------------  S Y S T E M  ---------------

OS: Windows 8 , 64 bit Build 9200 

CPU:total 2 (2 cores per cpu, 1 threads per core) family 6 model 23 stepping 10, cmov, cx8, fxsr, mmx, sse, sse2, sse3, ssse3, sse4.1, tsc

Memory: 4k page, physical 3075264k(1493716k free), swap 3599552k(1595488k free)

vm_info: Java HotSpot(TM) 64-Bit Server VM (23.3-b01) for windows-amd64 JRE (1.7.0_07-b11), built on Sep  7 2012 01:19:25 by "java_re" with unknown MS VC++:1600

time: Mon Feb 24 17:44:14 2014
elapsed time: 12 seconds

